# JRE version: Java(TM) SE Runtime Environment (23.0+37) (build 23+37-2369)
# Java VM: Java HotSpot(TM) 64-Bit Server VM (23+37-2369, mixed mode, sharing, tiered, compressed oops, compressed class ptrs, g1 gc, windows-amd64)
GC Precious Log:
 CardTable entry size: 512
 Card Set container configuration: InlinePtr #cards 5 size 8 Array Of Cards #cards 10 size 36 Howl #buckets 4 coarsen threshold 1843 Howl Bitmap #cards 512 size 80 coarsen threshold 460 Card regions per heap region 1 cards per card region 2048
 CPUs: 12 total, 12 available
 Memory: 7860M
 Large Page Support: Disabled
 NUMA Support: Disabled
 Compressed Oops: Enabled (32-bit)
 Heap Region Size: 1M
 Heap Min Capacity: 8M
 Heap Initial Capacity: 124M
 Heap Max Capacity: 1966M
 Pre-touch: Disabled
 Parallel Workers: 10
 Concurrent Workers: 3
 Concurrent Refinement Workers: 10
 Periodic GC: Disabled
Heap:
 garbage-first heap   total reserved 2013184K, committed 430080K, used 275456K [0x0000000085200000, 0x0000000100000000)
  region size 1024K, 16 young (16384K), 16 survivors (16384K)
 Metaspace       used 86314K, committed 86976K, reserved 1179648K
  class space    used 11932K, committed 12224K, reserved 1048576K
GC Heap History (20 events):
Event: 30.485 GC heap after
{Heap after GC invocations=40 (full 0):
 garbage-first heap   total reserved 2013184K, committed 103424K, used 69611K [0x0000000085200000, 0x0000000100000000)
  region size 1024K, 4 young (4096K), 4 survivors (4096K)
 Metaspace       used 85791K, committed 86464K, reserved 1179648K
  class space    used 11805K, committed 12096K, reserved 1048576K
}
Event: 30.527 GC heap before
{Heap before GC invocations=40 (full 0):
 garbage-first heap   total reserved 2013184K, committed 103424K, used 90091K [0x0000000085200000, 0x0000000100000000)
  region size 1024K, 24 young (24576K), 4 survivors (4096K)
 Metaspace       used 85791K, committed 86464K, reserved 1179648K
  class space    used 11805K, committed 12096K, reserved 1048576K
}
Event: 30.538 GC heap after
{Heap after GC invocations=41 (full 0):
 garbage-first heap   total reserved 2013184K, committed 104448K, used 77551K [0x0000000085200000, 0x0000000100000000)
  region size 1024K, 3 young (3072K), 3 survivors (3072K)
 Metaspace       used 85791K, committed 86464K, reserved 1179648K
  class space    used 11805K, committed 12096K, reserved 1048576K
}
Event: 30.564 GC heap before
{Heap before GC invocations=41 (full 0):
 garbage-first heap   total reserved 2013184K, committed 104448K, used 92911K [0x0000000085200000, 0x0000000100000000)
  region size 1024K, 18 young (18432K), 3 survivors (3072K)
 Metaspace       used 85791K, committed 86464K, reserved 1179648K
  class space    used 11805K, committed 12096K, reserved 1048576K
}
Event: 30.574 GC heap after
{Heap after GC invocations=42 (full 0):
 garbage-first heap   total reserved 2013184K, committed 104448K, used 83968K [0x0000000085200000, 0x0000000100000000)
  region size 1024K, 3 young (3072K), 3 survivors (3072K)
 Metaspace       used 85791K, committed 86464K, reserved 1179648K
  class space    used 11805K, committed 12096K, reserved 1048576K
}
Event: 30.618 GC heap before
{Heap before GC invocations=42 (full 0):
 garbage-first heap   total reserved 2013184K, committed 104448K, used 95232K [0x0000000085200000, 0x0000000100000000)
  region size 1024K, 14 young (14336K), 3 survivors (3072K)
 Metaspace       used 85792K, committed 86464K, reserved 1179648K
  class space    used 11805K, committed 12096K, reserved 1048576K
}
Event: 30.624 GC heap after
{Heap after GC invocations=43 (full 0):
 garbage-first heap   total reserved 2013184K, committed 104448K, used 86495K [0x0000000085200000, 0x0000000100000000)
  region size 1024K, 2 young (2048K), 2 survivors (2048K)
 Metaspace       used 85792K, committed 86464K, reserved 1179648K
  class space    used 11805K, committed 12096K, reserved 1048576K
}
Event: 30.652 GC heap before
{Heap before GC invocations=44 (full 0):
 garbage-first heap   total reserved 2013184K, committed 143360K, used 94687K [0x0000000085200000, 0x0000000100000000)
  region size 1024K, 11 young (11264K), 2 survivors (2048K)
 Metaspace       used 85792K, committed 86464K, reserved 1179648K
  class space    used 11805K, committed 12096K, reserved 1048576K
}
Event: 30.660 GC heap after
{Heap after GC invocations=45 (full 0):
 garbage-first heap   total reserved 2013184K, committed 430080K, used 88461K [0x0000000085200000, 0x0000000100000000)
  region size 1024K, 2 young (2048K), 2 survivors (2048K)
 Metaspace       used 85792K, committed 86464K, reserved 1179648K
  class space    used 11805K, committed 12096K, reserved 1048576K
}
Event: 31.028 GC heap before
{Heap before GC invocations=45 (full 0):
 garbage-first heap   total reserved 2013184K, committed 430080K, used 275853K [0x0000000085200000, 0x0000000100000000)
  region size 1024K, 182 young (186368K), 2 survivors (2048K)
 Metaspace       used 85800K, committed 86528K, reserved 1179648K
  class space    used 11807K, committed 12096K, reserved 1048576K
}
Event: 31.052 GC heap after
{Heap after GC invocations=46 (full 0):
 garbage-first heap   total reserved 2013184K, committed 430080K, used 134144K [0x0000000085200000, 0x0000000100000000)
  region size 1024K, 23 young (23552K), 23 survivors (23552K)
 Metaspace       used 85800K, committed 86528K, reserved 1179648K
  class space    used 11807K, committed 12096K, reserved 1048576K
}
Event: 31.219 GC heap before
{Heap before GC invocations=46 (full 0):
 garbage-first heap   total reserved 2013184K, committed 430080K, used 268288K [0x0000000085200000, 0x0000000100000000)
  region size 1024K, 151 young (154624K), 23 survivors (23552K)
 Metaspace       used 85819K, committed 86528K, reserved 1179648K
  class space    used 11807K, committed 12096K, reserved 1048576K
}
Event: 31.255 GC heap after
{Heap after GC invocations=47 (full 0):
 garbage-first heap   total reserved 2013184K, committed 430080K, used 170808K [0x0000000085200000, 0x0000000100000000)
  region size 1024K, 19 young (19456K), 19 survivors (19456K)
 Metaspace       used 85819K, committed 86528K, reserved 1179648K
  class space    used 11807K, committed 12096K, reserved 1048576K
}
Event: 31.513 GC heap before
{Heap before GC invocations=47 (full 0):
 garbage-first heap   total reserved 2013184K, committed 430080K, used 296760K [0x0000000085200000, 0x0000000100000000)
  region size 1024K, 142 young (145408K), 19 survivors (19456K)
 Metaspace       used 86113K, committed 86784K, reserved 1179648K
  class space    used 11842K, committed 12096K, reserved 1048576K
}
Event: 31.533 GC heap after
{Heap after GC invocations=48 (full 0):
 garbage-first heap   total reserved 2013184K, committed 430080K, used 177534K [0x0000000085200000, 0x0000000100000000)
  region size 1024K, 5 young (5120K), 5 survivors (5120K)
 Metaspace       used 86113K, committed 86784K, reserved 1179648K
  class space    used 11842K, committed 12096K, reserved 1048576K
}
Event: 31.781 GC heap before
{Heap before GC invocations=49 (full 0):
 garbage-first heap   total reserved 2013184K, committed 430080K, used 307582K [0x0000000085200000, 0x0000000100000000)
  region size 1024K, 145 young (148480K), 5 survivors (5120K)
 Metaspace       used 86308K, committed 86976K, reserved 1179648K
  class space    used 11932K, committed 12224K, reserved 1048576K
}
Event: 31.797 GC heap after
{Heap after GC invocations=50 (full 0):
 garbage-first heap   total reserved 2013184K, committed 430080K, used 192963K [0x0000000085200000, 0x0000000100000000)
  region size 1024K, 19 young (19456K), 19 survivors (19456K)
 Metaspace       used 86308K, committed 86976K, reserved 1179648K
  class space    used 11932K, committed 12224K, reserved 1048576K
}
Event: 32.045 GC heap before
{Heap before GC invocations=50 (full 0):
 garbage-first heap   total reserved 2013184K, committed 430080K, used 336323K [0x0000000085200000, 0x0000000100000000)
  region size 1024K, 155 young (158720K), 19 survivors (19456K)
 Metaspace       used 86314K, committed 86976K, reserved 1179648K
  class space    used 11932K, committed 12224K, reserved 1048576K
}
Event: 32.087 GC heap after
{Heap after GC invocations=51 (full 0):
 garbage-first heap   total reserved 2013184K, committed 430080K, used 238365K [0x0000000085200000, 0x0000000100000000)
  region size 1024K, 20 young (20480K), 20 survivors (20480K)
 Metaspace       used 86314K, committed 86976K, reserved 1179648K
  class space    used 11932K, committed 12224K, reserved 1048576K
}
Event: 32.203 GC heap before
{Heap before GC invocations=51 (full 0):
 garbage-first heap   total reserved 2013184K, committed 430080K, used 328477K [0x0000000085200000, 0x0000000100000000)
  region size 1024K, 109 young (111616K), 20 survivors (20480K)
 Metaspace       used 86314K, committed 86976K, reserved 1179648K
  class space    used 11932K, committed 12224K, reserved 1048576K
}

